1
0
1
ASSEMBLY
1
PART-1-1
PART-1
1
PART-1-1
27
1 1
2 2
3 3
4 4
5 5
6 6
7 7
8 8
9 9
10 10
11 11
12 12
13 13
14 14
15 15
16 16
17 17
18 18
19 19
20 20
21 21
22 22
23 23
24 24
25 25
26 26
27 27
1 1
2 2
3 3
4 4
5 5
6 6
7 7
8 8
9 9
10 10
11 11
12 12
13 13
14 14
15 15
16 16
17 17
18 18
19 19
20 20
21 21
22 22
23 23
24 24
25 25
26 26
27 27
0
1
PART-1-1
8
1 1
2 2
3 3
4 4
5 5
6 6
7 7
8 8
1 1
2 2
3 3
4 4
5 5
6 6
7 7
8 8
0
4
_PICKEDSET4
0
2
0
1
PART-1-1
4
5 6 7 8 
0
_PICKEDSET5
0
2
0
1
PART-1-1
4
2 4 6 8 
0
_PICKEDSET6
0
2
0
1
PART-1-1
4
3 4 7 8 
0
_PICKEDSET7
0
2
0
1
PART-1-1
4
1 2 3 4 
0
1
PART-1-1
1
_PICKEDSET2
0
2
8
1 2 3 4 5 6 7 8 
0
0
0
4
_PICKEDSET4
0
2
0
1
PART-1-1
9
19 20 21 22 23 24 25 26 27 
0
_PICKEDSET5
0
2
0
1
PART-1-1
9
3 6 9 12 15 18 21 24 27 
0
_PICKEDSET6
0
2
0
1
PART-1-1
9
7 8 9 16 17 18 25 26 27 
0
_PICKEDSET7
0
2
0
1
PART-1-1
9
1 2 3 4 5 6 7 8 9 
0
1
PART-1-1
1
_PICKEDSET2
0
2
27
1 2 3 4 5 6 7 8 9 10 11 12 13 14 15 16 17 18 19 20 21 22 23 24 25 26 27 
0
0
0
0
0
