Analysis initiated from SIMULIA established products
Abaqus JOB Job-1
Abaqus 2021
Abaqus License Manager checked out the following licenses:
Abaqus/Standard checked out 5 tokens from Flexnet server abaquslic01.eng.ox.ac.uk.
<261 out of 310 licenses remain available>.
Abaqus Warning: Your Abaqus license will expire in 18 days.
Begin Compiling Abaqus/Standard User Subroutines
13/03/2024 10:39:29
Intel(R) Visual Fortran Intel(R) 64 Compiler for applications running on Intel(R) 64, Version 19.1.3.311 Build 20201010_000000
Copyright (C) 1985-2020 Intel Corporation.  All rights reserved.

End Compiling Abaqus/Standard User Subroutines
Begin Linking Abaqus/Standard User Subroutines
   Creating library standardU.lib and object standardU.exp
libirc.lib(fast_mem_ops.obj) : warning LNK4210: .CRT section exists; there may be unhandled static initializers or terminators
End Linking Abaqus/Standard User Subroutines
13/03/2024 10:40:37
Begin Analysis Input File Processor
13/03/2024 10:40:37
Run pre.exe
13/03/2024 10:40:41
End Analysis Input File Processor
Begin Abaqus/Standard Analysis
13/03/2024 10:40:41
Run standard.exe
 total elements in the mesh:            8
 integration points per element:            8
 --------------------------------
 1. Array allocation completed!
 ABAQUS element type: C3D8
 Linear interpolation for will be used GNDs
 Dimension of the analysis:            3
 Number of integration points per element:            8
 Number of nodes per element:            8
 2. Mesh initialization completed!
 3. Identity tensors initialized!
 4. Outputs are defined using useroutputs.f!
 5. The necessary files were read!
 one-time initialization is complete!
 --------------------------------
 6. "STATEV_legend.txt" file is ready!
 7. Gradient operators initialized!
 --------------------------------
 At the end of increment:            1
 States are updated!
 --------------------------------
 --------------------------------
 At the end of increment:            2
 States are updated!
 --------------------------------
 --------------------------------
 At the end of increment:            3
 States are updated!
 --------------------------------
 --------------------------------
 At the end of increment:            4
 States are updated!
 --------------------------------
 --------------------------------
 At the end of increment:            5
 States are updated!
 --------------------------------
 --------------------------------
 At the end of increment:            6
 States are updated!
 --------------------------------
 --------------------------------
 At the end of increment:            7
 States are updated!
 --------------------------------
 --------------------------------
 At the end of increment:            8
 States are updated!
 --------------------------------
 --------------------------------
 At the end of increment:            9
 States are updated!
 --------------------------------
 --------------------------------
 At the end of increment:           10
 States are updated!
 --------------------------------
 --------------------------------
 At the end of increment:           11
 States are updated!
 --------------------------------
 --------------------------------
 At the end of increment:           12
 States are updated!
 --------------------------------
 --------------------------------
 At the end of increment:           13
 States are updated!
 --------------------------------
 --------------------------------
 At the end of increment:           14
 States are updated!
 --------------------------------
 --------------------------------
 At the end of increment:           15
 States are updated!
 --------------------------------
 --------------------------------
 At the end of increment:           16
 States are updated!
 --------------------------------
 --------------------------------
 At the end of increment:           17
 States are updated!
 --------------------------------
13/03/2024 10:40:45
End Abaqus/Standard Analysis
Begin SIM Wrap-up
13/03/2024 10:40:45
Run SMASimUtility.exe
13/03/2024 10:40:45
End SIM Wrap-up
Abaqus JOB Job-1 COMPLETED
