Analysis initiated from SIMULIA established products
Abaqus JOB Job-1
Abaqus 2021
Abaqus License Manager checked out the following licenses:
Abaqus/Standard checked out 5 tokens from Flexnet server abaquslic01.eng.ox.ac.uk.
<94 out of 310 licenses remain available>.
Abaqus Warning: Your Abaqus license will expire in 19 days.
Begin Compiling Abaqus/Standard User Subroutines
12/03/2024 09:12:56
Intel(R) Visual Fortran Intel(R) 64 Compiler for applications running on Intel(R) 64, Version 19.1.3.311 Build 20201010_000000
Copyright (C) 1985-2020 Intel Corporation.  All rights reserved.

End Compiling Abaqus/Standard User Subroutines
Begin Linking Abaqus/Standard User Subroutines
   Creating library standardU.lib and object standardU.exp
libirc.lib(fast_mem_ops.obj) : warning LNK4210: .CRT section exists; there may be unhandled static initializers or terminators
End Linking Abaqus/Standard User Subroutines
12/03/2024 09:14:08
Begin Analysis Input File Processor
12/03/2024 09:14:08
Run pre.exe
12/03/2024 09:14:12
End Analysis Input File Processor
Begin Abaqus/Standard Analysis
12/03/2024 09:14:12
Run standard.exe
12/03/2024 09:14:21
Abaqus Error: Abaqus/Standard Analysis exited with an error - Please see the 
message file for possible error messages if the file exists.
Begin SIM Wrap-up
12/03/2024 09:14:21
Run SMASimUtility.exe
12/03/2024 09:14:21
End SIM Wrap-up
Abaqus/Analysis exited with errors
